<?xml version="1.0" encoding="UTF-8"?>
<!-- Generated by org.testng.reporters.JUnitXMLReporter -->
<testsuite hostname="DESKTOP-A1LG2NG" name="Surefire test" tests="1" failures="1" timestamp="3 Oct 2020 12:27:59 GMT" time="44.609" errors="0">
  <testcase name="tc2" time="44.503" classname="zerodhaTest.TEstTest">
    <failure type="java.lang.NullPointerException">
      <![CDATA[java.lang.NullPointerException
	at zerodhaTest.TestListenerTest.onTestSuccess(TestListenerTest.java:49)
... Removed 27 stack frames]]>
    </failure>
  </testcase> <!-- tc2 -->
</testsuite> <!-- Surefire test -->
