-------------------------------------------------------------------------------
Test set: TestSuite
-------------------------------------------------------------------------------
Tests run: 1, Failures: 1, Errors: 0, Skipped: 0, Time elapsed: 47.433 s <<< FAILURE! - in TestSuite
zerodhaTest.TEstTest.tc2  Time elapsed: 8.622 s  <<< FAILURE!
java.lang.NullPointerException

